# JRE version: OpenJDK Runtime Environment (11.0.11+9) (build 11.0.11+9-b60-7590822)
# Java VM: OpenJDK 64-Bit Server VM (11.0.11+9-b60-7590822, mixed mode, tiered, compressed oops, g1 gc, windows-amd64)
Heap:
 garbage-first heap   total 605184K, used 53429K [0x0000000080000000, 0x0000000100000000)
  region size 1024K, 2 young (2048K), 2 survivors (2048K)
 Metaspace       used 65893K, capacity 67384K, committed 67664K, reserved 1107968K
  class space    used 8304K, capacity 8857K, committed 8960K, reserved 1048576K
GC Heap History (20 events):
Event: 356.414 GC heap after
{Heap after GC invocations=45 (full 0):
 garbage-first heap   total 205824K, used 32544K [0x0000000080000000, 0x0000000100000000)
  region size 1024K, 2 young (2048K), 2 survivors (2048K)
 Metaspace       used 47860K, capacity 49073K, committed 49232K, reserved 1091584K
  class space    used 6093K, capacity 6539K, committed 6656K, reserved 1048576K
}
Event: 359.336 GC heap before
{Heap before GC invocations=45 (full 0):
 garbage-first heap   total 205824K, used 53024K [0x0000000080000000, 0x0000000100000000)
  region size 1024K, 18 young (18432K), 2 survivors (2048K)
 Metaspace       used 48213K, capacity 49405K, committed 49488K, reserved 1091584K
  class space    used 6133K, capacity 6583K, committed 6656K, reserved 1048576K
}
Event: 359.676 GC heap after
{Heap after GC invocations=46 (full 0):
 garbage-first heap   total 205824K, used 43400K [0x0000000080000000, 0x0000000100000000)
  region size 1024K, 3 young (3072K), 3 survivors (3072K)
 Metaspace       used 48213K, capacity 49405K, committed 49488K, reserved 1091584K
  class space    used 6133K, capacity 6583K, committed 6656K, reserved 1048576K
}
Event: 363.990 GC heap before
{Heap before GC invocations=46 (full 0):
 garbage-first heap   total 205824K, used 51592K [0x0000000080000000, 0x0000000100000000)
  region size 1024K, 11 young (11264K), 3 survivors (3072K)
 Metaspace       used 48774K, capacity 49984K, committed 50128K, reserved 1093632K
  class space    used 6210K, capacity 6680K, committed 6784K, reserved 1048576K
}
Event: 364.194 GC heap after
{Heap after GC invocations=47 (full 0):
 garbage-first heap   total 205824K, used 44444K [0x0000000080000000, 0x0000000100000000)
  region size 1024K, 1 young (1024K), 1 survivors (1024K)
 Metaspace       used 48774K, capacity 49984K, committed 50128K, reserved 1093632K
  class space    used 6210K, capacity 6680K, committed 6784K, reserved 1048576K
}
Event: 365.109 GC heap before
{Heap before GC invocations=47 (full 0):
 garbage-first heap   total 205824K, used 53660K [0x0000000080000000, 0x0000000100000000)
  region size 1024K, 10 young (10240K), 1 survivors (1024K)
 Metaspace       used 49954K, capacity 51232K, committed 51536K, reserved 1093632K
  class space    used 6354K, capacity 6840K, committed 6912K, reserved 1048576K
}
Event: 365.137 GC heap after
{Heap after GC invocations=48 (full 0):
 garbage-first heap   total 205824K, used 44746K [0x0000000080000000, 0x0000000100000000)
  region size 1024K, 2 young (2048K), 2 survivors (2048K)
 Metaspace       used 49954K, capacity 51232K, committed 51536K, reserved 1093632K
  class space    used 6354K, capacity 6840K, committed 6912K, reserved 1048576K
}
Event: 365.952 GC heap before
{Heap before GC invocations=48 (full 0):
 garbage-first heap   total 205824K, used 57034K [0x0000000080000000, 0x0000000100000000)
  region size 1024K, 14 young (14336K), 2 survivors (2048K)
 Metaspace       used 51490K, capacity 52746K, committed 53072K, reserved 1095680K
  class space    used 6542K, capacity 7046K, committed 7168K, reserved 1048576K
}
Event: 365.972 GC heap after
{Heap after GC invocations=49 (full 0):
 garbage-first heap   total 205824K, used 45068K [0x0000000080000000, 0x0000000100000000)
  region size 1024K, 1 young (1024K), 1 survivors (1024K)
 Metaspace       used 51490K, capacity 52746K, committed 53072K, reserved 1095680K
  class space    used 6542K, capacity 7046K, committed 7168K, reserved 1048576K
}
Event: 367.431 GC heap before
{Heap before GC invocations=49 (full 0):
 garbage-first heap   total 205824K, used 60428K [0x0000000080000000, 0x0000000100000000)
  region size 1024K, 17 young (17408K), 1 survivors (1024K)
 Metaspace       used 53879K, capacity 55173K, committed 55376K, reserved 1097728K
  class space    used 6853K, capacity 7343K, committed 7424K, reserved 1048576K
}
Event: 367.494 GC heap after
{Heap after GC invocations=50 (full 0):
 garbage-first heap   total 205824K, used 45811K [0x0000000080000000, 0x0000000100000000)
  region size 1024K, 2 young (2048K), 2 survivors (2048K)
 Metaspace       used 53879K, capacity 55173K, committed 55376K, reserved 1097728K
  class space    used 6853K, capacity 7343K, committed 7424K, reserved 1048576K
}
Event: 370.300 GC heap before
{Heap before GC invocations=50 (full 0):
 garbage-first heap   total 205824K, used 65267K [0x0000000080000000, 0x0000000100000000)
  region size 1024K, 21 young (21504K), 2 survivors (2048K)
 Metaspace       used 57105K, capacity 58507K, committed 58832K, reserved 1099776K
  class space    used 7178K, capacity 7687K, committed 7808K, reserved 1048576K
}
Event: 370.474 GC heap after
{Heap after GC invocations=51 (full 0):
 garbage-first heap   total 411648K, used 46220K [0x0000000080000000, 0x0000000100000000)
  region size 1024K, 2 young (2048K), 2 survivors (2048K)
 Metaspace       used 57105K, capacity 58507K, committed 58832K, reserved 1099776K
  class space    used 7178K, capacity 7687K, committed 7808K, reserved 1048576K
}
Event: 373.786 GC heap before
{Heap before GC invocations=51 (full 0):
 garbage-first heap   total 411648K, used 67724K [0x0000000080000000, 0x0000000100000000)
  region size 1024K, 23 young (23552K), 2 survivors (2048K)
 Metaspace       used 60197K, capacity 61574K, committed 61776K, reserved 1103872K
  class space    used 7598K, capacity 8151K, committed 8192K, reserved 1048576K
}
Event: 373.882 GC heap after
{Heap after GC invocations=52 (full 0):
 garbage-first heap   total 411648K, used 47430K [0x0000000080000000, 0x0000000100000000)
  region size 1024K, 3 young (3072K), 3 survivors (3072K)
 Metaspace       used 60197K, capacity 61574K, committed 61776K, reserved 1103872K
  class space    used 7598K, capacity 8151K, committed 8192K, reserved 1048576K
}
Event: 377.454 GC heap before
{Heap before GC invocations=52 (full 0):
 garbage-first heap   total 411648K, used 72006K [0x0000000080000000, 0x0000000100000000)
  region size 1024K, 28 young (28672K), 3 survivors (3072K)
 Metaspace       used 62920K, capacity 64409K, committed 64720K, reserved 1105920K
  class space    used 7903K, capacity 8475K, committed 8576K, reserved 1048576K
}
Event: 377.606 GC heap after
{Heap after GC invocations=53 (full 0):
 garbage-first heap   total 411648K, used 50085K [0x0000000080000000, 0x0000000100000000)
  region size 1024K, 4 young (4096K), 4 survivors (4096K)
 Metaspace       used 62920K, capacity 64409K, committed 64720K, reserved 1105920K
  class space    used 7903K, capacity 8475K, committed 8576K, reserved 1048576K
}
Event: 385.456 GC heap before
{Heap before GC invocations=53 (full 0):
 garbage-first heap   total 411648K, used 77733K [0x0000000080000000, 0x0000000100000000)
  region size 1024K, 30 young (30720K), 4 survivors (4096K)
 Metaspace       used 65225K, capacity 66746K, committed 67024K, reserved 1107968K
  class space    used 8190K, capacity 8754K, committed 8832K, reserved 1048576K
}
Event: 385.895 GC heap after
{Heap after GC invocations=54 (full 0):
 garbage-first heap   total 411648K, used 52683K [0x0000000080000000, 0x0000000100000000)
  region size 1024K, 3 young (3072K), 3 survivors (3072K)
 Metaspace       used 65225K, capacity 66746K, committed 67024K, reserved 1107968K
  class space    used 8190K, capacity 8754K, committed 8832K, reserved 1048576K
}
Event: 390.344 GC heap before
{Heap before GC invocations=54 (full 0):
 garbage-first heap   total 411648K, used 70091K [0x0000000080000000, 0x0000000100000000)
  region size 1024K, 20 young (20480K), 3 survivors (3072K)
 Metaspace       used 65893K, capacity 67384K, committed 67664K, reserved 1107968K
  class space    used 8304K, capacity 8857K, committed 8960K, reserved 1048576K
}

